<?xml version="1.0" encoding="UTF-8"?>
<coverage generated="1769764564451" clover="3.2.0">
  <project timestamp="1769764564451" name="All files">
    <metrics statements="56" coveredstatements="56" conditionals="29" coveredconditionals="29" methods="7" coveredmethods="7" elements="92" coveredelements="92" complexity="0" loc="56" ncloc="56" packages="1" files="2" classes="2"/>
    <file name="connectrpc.module.ts" path="/data/funduck/connectrpc-fastify-nestjs/src/connectrpc.module.ts">
      <metrics statements="53" coveredstatements="53" conditionals="29" coveredconditionals="29" methods="5" coveredmethods="5"/>
      <line num="1" count="5" type="stmt"/>
      <line num="2" count="5" type="stmt"/>
      <line num="9" count="5" type="stmt"/>
      <line num="10" count="5" type="stmt"/>
      <line num="13" count="5" type="stmt"/>
      <line num="22" count="5" type="stmt"/>
      <line num="23" count="5" type="stmt"/>
      <line num="26" count="17" type="stmt"/>
      <line num="32" count="20" type="cond" truecount="2" falsecount="0"/>
      <line num="33" count="6" type="stmt"/>
      <line num="35" count="20" type="stmt"/>
      <line num="51" count="17" type="stmt"/>
      <line num="53" count="17" type="stmt"/>
      <line num="57" count="23" type="stmt"/>
      <line num="59" count="23" type="cond" truecount="2" falsecount="0"/>
      <line num="60" count="2" type="stmt"/>
      <line num="61" count="2" type="cond" truecount="2" falsecount="0"/>
      <line num="62" count="1" type="stmt"/>
      <line num="64" count="1" type="stmt"/>
      <line num="68" count="21" type="cond" truecount="2" falsecount="0"/>
      <line num="69" count="2" type="stmt"/>
      <line num="70" count="2" type="cond" truecount="2" falsecount="0"/>
      <line num="71" count="1" type="stmt"/>
      <line num="73" count="1" type="stmt"/>
      <line num="75" count="19" type="stmt"/>
      <line num="77" count="19" type="stmt"/>
      <line num="78" count="19" type="stmt"/>
      <line num="81" count="17" type="stmt"/>
      <line num="85" count="16" type="cond" truecount="2" falsecount="0"/>
      <line num="86" count="1" type="stmt"/>
      <line num="87" count="1" type="stmt"/>
      <line num="89" count="15" type="stmt"/>
      <line num="91" count="15" type="stmt"/>
      <line num="92" count="13" type="cond" truecount="2" falsecount="0"/>
      <line num="93" count="4" type="stmt"/>
      <line num="94" count="4" type="cond" truecount="2" falsecount="0"/>
      <line num="95" count="1" type="stmt"/>
      <line num="97" count="3" type="stmt"/>
      <line num="100" count="9" type="stmt"/>
      <line num="102" count="9" type="cond" truecount="2" falsecount="0"/>
      <line num="104" count="9" type="stmt"/>
      <line num="109" count="10" type="cond" truecount="2" falsecount="0"/>
      <line num="110" count="2" type="stmt"/>
      <line num="113" count="2" type="cond" truecount="2" falsecount="0"/>
      <line num="114" count="1" type="stmt"/>
      <line num="118" count="1" type="stmt"/>
      <line num="121" count="8" type="stmt"/>
      <line num="122" count="8" type="cond" truecount="2" falsecount="0"/>
      <line num="123" count="2" type="stmt"/>
      <line num="124" count="2" type="cond" truecount="2" falsecount="0"/>
      <line num="125" count="1" type="stmt"/>
      <line num="127" count="1" type="stmt"/>
      <line num="131" count="6" type="cond" truecount="2" falsecount="0"/>
    </file>
    <file name="index.ts" path="/data/funduck/connectrpc-fastify-nestjs/src/index.ts">
      <metrics statements="3" coveredstatements="3" conditionals="0" coveredconditionals="0" methods="2" coveredmethods="2"/>
      <line num="1" count="4" type="stmt"/>
      <line num="2" count="1" type="stmt"/>
      <line num="7" count="12" type="stmt"/>
    </file>
  </project>
</coverage>
