<?xml version="1.0" encoding="UTF-8"?>
<coverage generated="1769185878656" clover="3.2.0">
  <project timestamp="1769185878656" name="All files">
    <metrics statements="38" coveredstatements="38" conditionals="17" coveredconditionals="16" methods="7" coveredmethods="7" elements="62" coveredelements="61" complexity="0" loc="38" ncloc="38" packages="1" files="2" classes="2"/>
    <file name="connectrpc.module.ts" path="/data/funduck/connectrpc-fastify-nestjs/src/connectrpc.module.ts">
      <metrics statements="35" coveredstatements="35" conditionals="17" coveredconditionals="16" methods="5" coveredmethods="5"/>
      <line num="1" count="5" type="stmt"/>
      <line num="2" count="5" type="stmt"/>
      <line num="9" count="5" type="stmt"/>
      <line num="10" count="5" type="stmt"/>
      <line num="13" count="5" type="stmt"/>
      <line num="22" count="5" type="stmt"/>
      <line num="23" count="5" type="stmt"/>
      <line num="26" count="10" type="stmt"/>
      <line num="32" count="7" type="cond" truecount="2" falsecount="0"/>
      <line num="33" count="5" type="stmt"/>
      <line num="35" count="7" type="stmt"/>
      <line num="51" count="10" type="stmt"/>
      <line num="53" count="10" type="stmt"/>
      <line num="57" count="13" type="stmt"/>
      <line num="59" count="13" type="cond" truecount="2" falsecount="0"/>
      <line num="60" count="1" type="stmt"/>
      <line num="64" count="12" type="cond" truecount="2" falsecount="0"/>
      <line num="65" count="1" type="stmt"/>
      <line num="67" count="11" type="stmt"/>
      <line num="69" count="11" type="stmt"/>
      <line num="70" count="11" type="stmt"/>
      <line num="73" count="10" type="stmt"/>
      <line num="77" count="10" type="cond" truecount="2" falsecount="0"/>
      <line num="78" count="1" type="stmt"/>
      <line num="79" count="1" type="stmt"/>
      <line num="81" count="9" type="stmt"/>
      <line num="83" count="9" type="stmt"/>
      <line num="84" count="7" type="cond" truecount="2" falsecount="0"/>
      <line num="85" count="1" type="stmt"/>
      <line num="88" count="6" type="cond" truecount="2" falsecount="0"/>
      <line num="90" count="6" type="stmt"/>
      <line num="95" count="5" type="cond" truecount="2" falsecount="0"/>
      <line num="96" count="1" type="stmt"/>
      <line num="101" count="4" type="stmt"/>
      <line num="104" count="4" type="cond" truecount="1" falsecount="1"/>
    </file>
    <file name="index.ts" path="/data/funduck/connectrpc-fastify-nestjs/src/index.ts">
      <metrics statements="3" coveredstatements="3" conditionals="0" coveredconditionals="0" methods="2" coveredmethods="2"/>
      <line num="1" count="4" type="stmt"/>
      <line num="2" count="1" type="stmt"/>
      <line num="7" count="12" type="stmt"/>
    </file>
  </project>
</coverage>
