{"/data/funduck/connectrpc-fastify-nestjs/src/connectrpc.module.ts": {"path":"/data/funduck/connectrpc-fastify-nestjs/src/connectrpc.module.ts","statementMap":{"0":{"start":{"line":1,"column":0},"end":{"line":1,"column":57}},"1":{"start":{"line":2,"column":0},"end":{"line":2,"column":null}},"2":{"start":{"line":9,"column":0},"end":{"line":9,"column":47}},"3":{"start":{"line":10,"column":0},"end":{"line":10,"column":58}},"4":{"start":{"line":13,"column":34},"end":{"line":13,"column":69}},"5":{"start":{"line":32,"column":4},"end":{"line":34,"column":5}},"6":{"start":{"line":33,"column":6},"end":{"line":33,"column":43}},"7":{"start":{"line":35,"column":4},"end":{"line":45,"column":6}},"8":{"start":{"line":51,"column":21},"end":{"line":51,"column":38}},"9":{"start":{"line":53,"column":21},"end":{"line":53,"column":53}},"10":{"start":{"line":26,"column":19},"end":{"line":26,"column":52}},"11":{"start":{"line":73,"column":10},"end":{"line":73,"column":39}},"12":{"start":{"line":57,"column":24},"end":{"line":57,"column":56}},"13":{"start":{"line":59,"column":4},"end":{"line":61,"column":5}},"14":{"start":{"line":60,"column":6},"end":{"line":60,"column":48}},"15":{"start":{"line":64,"column":4},"end":{"line":66,"column":5}},"16":{"start":{"line":65,"column":6},"end":{"line":65,"column":58}},"17":{"start":{"line":67,"column":27},"end":{"line":67,"column":56}},"18":{"start":{"line":69,"column":19},"end":{"line":69,"column":47}},"19":{"start":{"line":70,"column":4},"end":{"line":70,"column":18}},"20":{"start":{"line":77,"column":4},"end":{"line":80,"column":5}},"21":{"start":{"line":78,"column":6},"end":{"line":78,"column":67}},"22":{"start":{"line":79,"column":6},"end":{"line":79,"column":13}},"23":{"start":{"line":81,"column":4},"end":{"line":81,"column":37}},"24":{"start":{"line":83,"column":19},"end":{"line":83,"column":35}},"25":{"start":{"line":84,"column":4},"end":{"line":86,"column":5}},"26":{"start":{"line":85,"column":6},"end":{"line":85,"column":59}},"27":{"start":{"line":88,"column":4},"end":{"line":88,"column":65}},"28":{"start":{"line":90,"column":4},"end":{"line":90,"column":51}},"29":{"start":{"line":95,"column":4},"end":{"line":99,"column":5}},"30":{"start":{"line":96,"column":6},"end":{"line":98,"column":8}},"31":{"start":{"line":101,"column":19},"end":{"line":101,"column":35}},"32":{"start":{"line":104,"column":4},"end":{"line":104,"column":77}},"33":{"start":{"line":22,"column":13},"end":{"line":22,"column":29}},"34":{"start":{"line":23,"column":18},"end":{"line":25,"column":5}},"35":{"start":{"line":22,"column":13},"end":{"line":106,"column":null}}},"fnMap":{"0":{"name":"(anonymous_4)","decl":{"start":{"line":31,"column":2},"end":{"line":31,"column":8}},"loc":{"start":{"line":31,"column":54},"end":{"line":46,"column":3}}},"1":{"name":"(anonymous_5)","decl":{"start":{"line":49,"column":2},"end":{"line":49,"column":null}},"loc":{"start":{"line":53,"column":53},"end":{"line":54,"column":6}}},"2":{"name":"(anonymous_6)","decl":{"start":{"line":56,"column":10},"end":{"line":56,"column":19}},"loc":{"start":{"line":56,"column":19},"end":{"line":71,"column":3}}},"3":{"name":"(anonymous_7)","decl":{"start":{"line":76,"column":2},"end":{"line":76,"column":7}},"loc":{"start":{"line":76,"column":22},"end":{"line":91,"column":3}}},"4":{"name":"(anonymous_8)","decl":{"start":{"line":94,"column":2},"end":{"line":94,"column":7}},"loc":{"start":{"line":94,"column":20},"end":{"line":105,"column":3}}}},"branchMap":{"0":{"loc":{"start":{"line":31,"column":17},"end":{"line":31,"column":54}},"type":"default-arg","locations":[{"start":{"line":31,"column":52},"end":{"line":31,"column":54}}]},"1":{"loc":{"start":{"line":32,"column":4},"end":{"line":34,"column":5}},"type":"if","locations":[{"start":{"line":32,"column":4},"end":{"line":34,"column":5}},{"start":{},"end":{}}]},"2":{"loc":{"start":{"line":59,"column":4},"end":{"line":61,"column":5}},"type":"if","locations":[{"start":{"line":59,"column":4},"end":{"line":61,"column":5}},{"start":{},"end":{}}]},"3":{"loc":{"start":{"line":64,"column":4},"end":{"line":66,"column":5}},"type":"if","locations":[{"start":{"line":64,"column":4},"end":{"line":66,"column":5}},{"start":{},"end":{}}]},"4":{"loc":{"start":{"line":77,"column":4},"end":{"line":80,"column":5}},"type":"if","locations":[{"start":{"line":77,"column":4},"end":{"line":80,"column":5}},{"start":{},"end":{}}]},"5":{"loc":{"start":{"line":84,"column":4},"end":{"line":86,"column":5}},"type":"if","locations":[{"start":{"line":84,"column":4},"end":{"line":86,"column":5}},{"start":{},"end":{}}]},"6":{"loc":{"start":{"line":88,"column":32},"end":{"line":88,"column":63}},"type":"binary-expr","locations":[{"start":{"line":88,"column":32},"end":{"line":88,"column":57}},{"start":{"line":88,"column":61},"end":{"line":88,"column":63}}]},"7":{"loc":{"start":{"line":95,"column":4},"end":{"line":99,"column":5}},"type":"if","locations":[{"start":{"line":95,"column":4},"end":{"line":99,"column":5}},{"start":{},"end":{}}]},"8":{"loc":{"start":{"line":104,"column":45},"end":{"line":104,"column":75}},"type":"binary-expr","locations":[{"start":{"line":104,"column":45},"end":{"line":104,"column":69}},{"start":{"line":104,"column":73},"end":{"line":104,"column":75}}]}},"s":{"0":5,"1":5,"2":5,"3":5,"4":5,"5":7,"6":5,"7":7,"8":10,"9":10,"10":10,"11":10,"12":13,"13":13,"14":1,"15":12,"16":1,"17":11,"18":11,"19":11,"20":10,"21":1,"22":1,"23":9,"24":9,"25":7,"26":1,"27":6,"28":6,"29":5,"30":1,"31":4,"32":4,"33":5,"34":5,"35":5},"f":{"0":7,"1":10,"2":13,"3":10,"4":5},"b":{"0":[1],"1":[5,2],"2":[1,12],"3":[1,11],"4":[1,9],"5":[1,6],"6":[6,2],"7":[1,4],"8":[4,0]}}
,"/data/funduck/connectrpc-fastify-nestjs/src/index.ts": {"path":"/data/funduck/connectrpc-fastify-nestjs/src/index.ts","statementMap":{"0":{"start":{"line":1,"column":0},"end":{"line":1,"column":16}},"1":{"start":{"line":2,"column":2},"end":{"line":4,"column":4}},"2":{"start":{"line":7,"column":0},"end":{"line":7,"column":9}},"3":{"start":{"line":7,"column":9},"end":{"line":7,"column":55}}},"fnMap":{"0":{"name":"printMsg","decl":{"start":{"line":1,"column":16},"end":{"line":1,"column":24}},"loc":{"start":{"line":1,"column":24},"end":{"line":5,"column":1}}},"1":{"name":"(anonymous_1)","decl":{"start":{"line":7,"column":9},"end":{"line":7,"column":25}},"loc":{"start":{"line":7,"column":9},"end":{"line":7,"column":55}}}},"branchMap":{},"s":{"0":4,"1":1,"2":4,"3":12},"f":{"0":1,"1":8},"b":{}}
}
