{"/data/funduck/connectrpc-fastify-nestjs/src/connectrpc.module.ts": {"path":"/data/funduck/connectrpc-fastify-nestjs/src/connectrpc.module.ts","statementMap":{"0":{"start":{"line":1,"column":0},"end":{"line":1,"column":57}},"1":{"start":{"line":2,"column":0},"end":{"line":2,"column":null}},"2":{"start":{"line":9,"column":0},"end":{"line":9,"column":47}},"3":{"start":{"line":10,"column":0},"end":{"line":10,"column":58}},"4":{"start":{"line":13,"column":34},"end":{"line":13,"column":69}},"5":{"start":{"line":32,"column":4},"end":{"line":34,"column":5}},"6":{"start":{"line":33,"column":6},"end":{"line":33,"column":43}},"7":{"start":{"line":35,"column":4},"end":{"line":45,"column":6}},"8":{"start":{"line":51,"column":21},"end":{"line":51,"column":38}},"9":{"start":{"line":53,"column":21},"end":{"line":53,"column":53}},"10":{"start":{"line":26,"column":19},"end":{"line":26,"column":52}},"11":{"start":{"line":81,"column":10},"end":{"line":81,"column":39}},"12":{"start":{"line":57,"column":24},"end":{"line":57,"column":56}},"13":{"start":{"line":59,"column":4},"end":{"line":65,"column":5}},"14":{"start":{"line":60,"column":6},"end":{"line":60,"column":50}},"15":{"start":{"line":61,"column":6},"end":{"line":63,"column":7}},"16":{"start":{"line":62,"column":8},"end":{"line":62,"column":50}},"17":{"start":{"line":64,"column":6},"end":{"line":64,"column":13}},"18":{"start":{"line":68,"column":4},"end":{"line":74,"column":5}},"19":{"start":{"line":69,"column":6},"end":{"line":69,"column":60}},"20":{"start":{"line":70,"column":6},"end":{"line":72,"column":7}},"21":{"start":{"line":71,"column":8},"end":{"line":71,"column":60}},"22":{"start":{"line":73,"column":6},"end":{"line":73,"column":13}},"23":{"start":{"line":75,"column":27},"end":{"line":75,"column":56}},"24":{"start":{"line":77,"column":19},"end":{"line":77,"column":47}},"25":{"start":{"line":78,"column":4},"end":{"line":78,"column":18}},"26":{"start":{"line":85,"column":4},"end":{"line":88,"column":5}},"27":{"start":{"line":86,"column":6},"end":{"line":86,"column":67}},"28":{"start":{"line":87,"column":6},"end":{"line":87,"column":13}},"29":{"start":{"line":89,"column":4},"end":{"line":89,"column":37}},"30":{"start":{"line":91,"column":19},"end":{"line":91,"column":35}},"31":{"start":{"line":92,"column":4},"end":{"line":98,"column":5}},"32":{"start":{"line":93,"column":6},"end":{"line":93,"column":61}},"33":{"start":{"line":94,"column":6},"end":{"line":96,"column":7}},"34":{"start":{"line":95,"column":8},"end":{"line":95,"column":61}},"35":{"start":{"line":97,"column":6},"end":{"line":97,"column":13}},"36":{"start":{"line":100,"column":4},"end":{"line":100,"column":33}},"37":{"start":{"line":102,"column":4},"end":{"line":102,"column":65}},"38":{"start":{"line":104,"column":4},"end":{"line":104,"column":51}},"39":{"start":{"line":109,"column":4},"end":{"line":119,"column":5}},"40":{"start":{"line":110,"column":6},"end":{"line":112,"column":8}},"41":{"start":{"line":113,"column":6},"end":{"line":117,"column":7}},"42":{"start":{"line":114,"column":8},"end":{"line":116,"column":10}},"43":{"start":{"line":118,"column":6},"end":{"line":118,"column":13}},"44":{"start":{"line":121,"column":19},"end":{"line":121,"column":35}},"45":{"start":{"line":122,"column":4},"end":{"line":128,"column":5}},"46":{"start":{"line":123,"column":6},"end":{"line":123,"column":61}},"47":{"start":{"line":124,"column":6},"end":{"line":126,"column":7}},"48":{"start":{"line":125,"column":8},"end":{"line":125,"column":61}},"49":{"start":{"line":127,"column":6},"end":{"line":127,"column":13}},"50":{"start":{"line":131,"column":4},"end":{"line":131,"column":77}},"51":{"start":{"line":22,"column":13},"end":{"line":22,"column":29}},"52":{"start":{"line":23,"column":18},"end":{"line":25,"column":5}},"53":{"start":{"line":22,"column":13},"end":{"line":133,"column":null}}},"fnMap":{"0":{"name":"(anonymous_4)","decl":{"start":{"line":31,"column":2},"end":{"line":31,"column":8}},"loc":{"start":{"line":31,"column":54},"end":{"line":46,"column":3}}},"1":{"name":"(anonymous_5)","decl":{"start":{"line":49,"column":2},"end":{"line":49,"column":null}},"loc":{"start":{"line":53,"column":53},"end":{"line":54,"column":6}}},"2":{"name":"(anonymous_6)","decl":{"start":{"line":56,"column":10},"end":{"line":56,"column":19}},"loc":{"start":{"line":56,"column":19},"end":{"line":79,"column":3}}},"3":{"name":"(anonymous_7)","decl":{"start":{"line":84,"column":2},"end":{"line":84,"column":7}},"loc":{"start":{"line":84,"column":22},"end":{"line":105,"column":3}}},"4":{"name":"(anonymous_8)","decl":{"start":{"line":108,"column":2},"end":{"line":108,"column":7}},"loc":{"start":{"line":108,"column":20},"end":{"line":132,"column":3}}}},"branchMap":{"0":{"loc":{"start":{"line":31,"column":17},"end":{"line":31,"column":54}},"type":"default-arg","locations":[{"start":{"line":31,"column":52},"end":{"line":31,"column":54}}]},"1":{"loc":{"start":{"line":32,"column":4},"end":{"line":34,"column":5}},"type":"if","locations":[{"start":{"line":32,"column":4},"end":{"line":34,"column":5}},{"start":{},"end":{}}]},"2":{"loc":{"start":{"line":59,"column":4},"end":{"line":65,"column":5}},"type":"if","locations":[{"start":{"line":59,"column":4},"end":{"line":65,"column":5}},{"start":{},"end":{}}]},"3":{"loc":{"start":{"line":61,"column":6},"end":{"line":63,"column":7}},"type":"if","locations":[{"start":{"line":61,"column":6},"end":{"line":63,"column":7}},{"start":{},"end":{}}]},"4":{"loc":{"start":{"line":68,"column":4},"end":{"line":74,"column":5}},"type":"if","locations":[{"start":{"line":68,"column":4},"end":{"line":74,"column":5}},{"start":{},"end":{}}]},"5":{"loc":{"start":{"line":70,"column":6},"end":{"line":72,"column":7}},"type":"if","locations":[{"start":{"line":70,"column":6},"end":{"line":72,"column":7}},{"start":{},"end":{}}]},"6":{"loc":{"start":{"line":85,"column":4},"end":{"line":88,"column":5}},"type":"if","locations":[{"start":{"line":85,"column":4},"end":{"line":88,"column":5}},{"start":{},"end":{}}]},"7":{"loc":{"start":{"line":92,"column":4},"end":{"line":98,"column":5}},"type":"if","locations":[{"start":{"line":92,"column":4},"end":{"line":98,"column":5}},{"start":{},"end":{}}]},"8":{"loc":{"start":{"line":94,"column":6},"end":{"line":96,"column":7}},"type":"if","locations":[{"start":{"line":94,"column":6},"end":{"line":96,"column":7}},{"start":{},"end":{}}]},"9":{"loc":{"start":{"line":102,"column":32},"end":{"line":102,"column":63}},"type":"binary-expr","locations":[{"start":{"line":102,"column":32},"end":{"line":102,"column":57}},{"start":{"line":102,"column":61},"end":{"line":102,"column":63}}]},"10":{"loc":{"start":{"line":109,"column":4},"end":{"line":119,"column":5}},"type":"if","locations":[{"start":{"line":109,"column":4},"end":{"line":119,"column":5}},{"start":{},"end":{}}]},"11":{"loc":{"start":{"line":113,"column":6},"end":{"line":117,"column":7}},"type":"if","locations":[{"start":{"line":113,"column":6},"end":{"line":117,"column":7}},{"start":{},"end":{}}]},"12":{"loc":{"start":{"line":122,"column":4},"end":{"line":128,"column":5}},"type":"if","locations":[{"start":{"line":122,"column":4},"end":{"line":128,"column":5}},{"start":{},"end":{}}]},"13":{"loc":{"start":{"line":124,"column":6},"end":{"line":126,"column":7}},"type":"if","locations":[{"start":{"line":124,"column":6},"end":{"line":126,"column":7}},{"start":{},"end":{}}]},"14":{"loc":{"start":{"line":131,"column":45},"end":{"line":131,"column":75}},"type":"binary-expr","locations":[{"start":{"line":131,"column":45},"end":{"line":131,"column":69}},{"start":{"line":131,"column":73},"end":{"line":131,"column":75}}]}},"s":{"0":5,"1":5,"2":5,"3":5,"4":5,"5":20,"6":6,"7":20,"8":17,"9":17,"10":17,"11":17,"12":23,"13":23,"14":2,"15":2,"16":1,"17":1,"18":21,"19":2,"20":2,"21":1,"22":1,"23":19,"24":19,"25":19,"26":16,"27":1,"28":1,"29":15,"30":15,"31":13,"32":4,"33":4,"34":1,"35":3,"36":9,"37":9,"38":9,"39":10,"40":2,"41":2,"42":1,"43":1,"44":8,"45":8,"46":2,"47":2,"48":1,"49":1,"50":6,"51":5,"52":5,"53":5},"f":{"0":20,"1":17,"2":23,"3":16,"4":10},"b":{"0":[13],"1":[6,14],"2":[2,21],"3":[1,1],"4":[2,19],"5":[1,1],"6":[1,15],"7":[4,9],"8":[1,3],"9":[9,5],"10":[2,8],"11":[1,1],"12":[2,6],"13":[1,1],"14":[6,2]}}
,"/data/funduck/connectrpc-fastify-nestjs/src/index.ts": {"path":"/data/funduck/connectrpc-fastify-nestjs/src/index.ts","statementMap":{"0":{"start":{"line":1,"column":0},"end":{"line":1,"column":16}},"1":{"start":{"line":2,"column":2},"end":{"line":4,"column":4}},"2":{"start":{"line":7,"column":0},"end":{"line":7,"column":9}},"3":{"start":{"line":7,"column":9},"end":{"line":7,"column":55}}},"fnMap":{"0":{"name":"printMsg","decl":{"start":{"line":1,"column":16},"end":{"line":1,"column":24}},"loc":{"start":{"line":1,"column":24},"end":{"line":5,"column":1}}},"1":{"name":"(anonymous_1)","decl":{"start":{"line":7,"column":9},"end":{"line":7,"column":25}},"loc":{"start":{"line":7,"column":9},"end":{"line":7,"column":55}}}},"branchMap":{},"s":{"0":4,"1":1,"2":4,"3":12},"f":{"0":1,"1":8},"b":{}}
}
