TN:
SF:src/connectrpc.module.ts
FN:31,(anonymous_4)
FN:49,(anonymous_5)
FN:56,(anonymous_6)
FN:84,(anonymous_7)
FN:106,(anonymous_8)
FNF:5
FNH:5
FNDA:20,(anonymous_4)
FNDA:17,(anonymous_5)
FNDA:23,(anonymous_6)
FNDA:16,(anonymous_7)
FNDA:10,(anonymous_8)
DA:1,5
DA:2,5
DA:9,5
DA:10,5
DA:13,5
DA:22,5
DA:23,5
DA:26,17
DA:32,20
DA:33,6
DA:35,20
DA:51,17
DA:53,17
DA:57,23
DA:59,23
DA:60,2
DA:61,2
DA:62,1
DA:64,1
DA:68,21
DA:69,2
DA:70,2
DA:71,1
DA:73,1
DA:75,19
DA:77,19
DA:78,19
DA:81,17
DA:85,16
DA:86,1
DA:87,1
DA:89,15
DA:91,15
DA:92,13
DA:93,4
DA:94,4
DA:95,1
DA:97,3
DA:100,9
DA:102,9
DA:107,10
DA:108,2
DA:111,2
DA:112,1
DA:116,1
DA:119,8
DA:120,8
DA:121,2
DA:122,2
DA:123,1
DA:125,1
DA:129,6
LF:52
LH:52
BRDA:31,0,0,13
BRDA:32,1,0,6
BRDA:32,1,1,14
BRDA:59,2,0,2
BRDA:59,2,1,21
BRDA:61,3,0,1
BRDA:61,3,1,1
BRDA:68,4,0,2
BRDA:68,4,1,19
BRDA:70,5,0,1
BRDA:70,5,1,1
BRDA:85,6,0,1
BRDA:85,6,1,15
BRDA:92,7,0,4
BRDA:92,7,1,9
BRDA:94,8,0,1
BRDA:94,8,1,3
BRDA:100,9,0,9
BRDA:100,9,1,5
BRDA:107,10,0,2
BRDA:107,10,1,8
BRDA:111,11,0,1
BRDA:111,11,1,1
BRDA:120,12,0,2
BRDA:120,12,1,6
BRDA:122,13,0,1
BRDA:122,13,1,1
BRDA:129,14,0,6
BRDA:129,14,1,2
BRF:29
BRH:29
end_of_record
TN:
SF:src/index.ts
FN:1,printMsg
FN:7,(anonymous_1)
FNF:2
FNH:2
FNDA:1,printMsg
FNDA:8,(anonymous_1)
DA:1,4
DA:2,1
DA:7,12
LF:3
LH:3
BRF:0
BRH:0
end_of_record
